  Building source list
  Running fastdep
  _precompile.cpp
  AdvCiv4lerts.cpp
  ArmamentForecast.cpp
  BBAILog.cpp
  CvArea.cpp
  CvArtFileMgr.cpp
  CvBugOptions.cpp
  CvCity.cpp
  CvCityAI.cpp
  CvDeal.cpp
  CvDiploParameters.cpp
  CvDLLButtonPopup.cpp
  CvDLLEntity.cpp
  CvDLLInterfaceIBase.cpp
  CvDLLPython.cpp
  CvDllPythonEvents.cpp
  CvDllTranslator.cpp
  CvDLLWidgetData.cpp
  CvEventReporter.cpp
  CvFractal.cpp
  CvGame.cpp
  CvGameAI.cpp
  CvGameCoreDLL.cpp
  CvGameCoreUtils.cpp
  CvGameInterface.cpp
  CvGameTextMgr.cpp
  CvGlobals.cpp
  CvHallOfFameInfo.cpp
  CvInfos.cpp
  CvInfoWater.cpp
  CvInitCore.cpp
  CvMap.cpp
  CvMapGenerator.cpp
  CvMessageControl.cpp
  CvMessageData.cpp
  CvPlayer.cpp
  CvPlayerAI.cpp
  CvPlot.cpp
  CvPlotGroup.cpp
  CvPopupInfo.cpp
  CvPopupReturn.cpp
  CvRandom.cpp
  CvReplayInfo.cpp
  CvReplayMessage.cpp
  CvSelectionGroup.cpp
  CvSelectionGroupAI.cpp
  CvStatistics.cpp
  CvStructs.cpp
  CvTalkingHeadMessage.cpp
  CvTeam.cpp
  CvTeamAI.cpp
  CvUnit.cpp
  CvUnitAI.cpp
  CvXMLLoadUtility.cpp
  CvXMLLoadUtilityGet.cpp
  CvXMLLoadUtilityInit.cpp
  CvXMLLoadUtilitySet.cpp
  CyArea.cpp
  CyAreaInterface.cpp
  CyArgsList.cpp
  CyArtFileMgr.cpp
  CyArtFileMgrInterface.cpp
  CyCity.cpp
  CyCityInterface1.cpp
  CyCityInterface2.cpp
  CyDeal.cpp
  CyEnumsInterface.cpp
  CyGame.cpp
  CyGameCoreUtils.cpp
  CyGameCoreUtilsInterface.cpp
  CyGameInterface.cpp
  CyGameTextMgr.cpp
  CyGameTextMgrInterface.cpp
  CyGlobalContext.cpp
  CyGlobalContextInterface1.cpp
  CyGlobalContextInterface2.cpp
  CyGlobalContextInterface3.cpp
  CyGlobalContextInterface4.cpp
  CyHallOfFameInfo.cpp
  CyHallOfFameInterface.cpp
  CyInfoInterface1.cpp
  CyInfoInterface2.cpp
  CyInfoInterface3.cpp
  CyMap.cpp
  CyMapGenerator.cpp
  CyMapGeneratorInterface.cpp
  CyMapInterface.cpp
  CyMessageControl.cpp
  CyMessageControlInterface.cpp
  CyPlayer.cpp
  CyPlayerInterface1.cpp
  CyPlayerInterface2.cpp
  CyPlot.cpp
  CyPlotInterface1.cpp
  CyRandomInterface.cpp
  CyReplayInfo.cpp
  CySelectionGroup.cpp
  CySelectionGroupInterface.cpp
  CyStructsInterface1.cpp
  CyTeam.cpp
  CyTeamInterface.cpp
  CyUnit.cpp
  CyUnitInterface1.cpp
  FAssert.cpp
  FDialogTemplate.cpp
  InvasionGraph.cpp
  KmodPathFinder.cpp
  MilitaryAnalyst.cpp
  MilitaryBranch.cpp
  RFChapter.cpp
  RFChapterScore.cpp
  RFTotalScore.cpp
  RiseFall.cpp
  Shelf.cpp
  StartPointsAsHandicap.cpp
  WarAndPeaceAgent.cpp
  WarAndPeaceAI.cpp
  WarAndPeaceCache.cpp
  WarAndPeaceReport.cpp
  WarEvalParameters.cpp
  WarEvaluator.cpp
  WarUtilityAspect.cpp
  Linking DLL
msvcprtd.lib(nothrow.obj) : warning LNK4229: invalid directive '/FAILIFMISMATCH:_MSC_VER=1600' encountered; ignored
msvcprtd.lib(nothrow.obj) : warning LNK4078: multiple '.CRT' sections found with different attributes (40300040)
msvcprtd.lib(nothrow.obj) : warning LNK4229: invalid directive '/FAILIFMISMATCH:_MSC_VER=1600' encountered; ignored
msvcprtd.lib(nothrow.obj) : warning LNK4078: multiple '.CRT' sections found with different attributes (40300040)
     Creating library temp_files\Debug\CvGameCoreDLL.lib and object temp_files\Debug\CvGameCoreDLL.exp
  	COPY "temp_files\Debug\CvGameCoreDLL.dll" "Debug\CvGameCoreDLL.dll"
          1 file(s) copied.
  	COPY "Debug\CvGameCoreDLL.dll" "\Assets\."
  The system cannot find the path specified.
          0 file(s) copied.
